<?xml version="1.0" encoding="UTF-8"?>
<!-- Generated by org.testng.reporters.JUnitXMLReporter -->
<testsuite ignored="0" hostname="Sorin" failures="0" tests="9" name="Surefire test" time="2.468" errors="0" timestamp="2026-02-16T22:12:48 GMT">
  <testcase classname="com.bookstore.tests.AuthorTests" name="testCreateAuthorWithInvalidData" time="0.829"/>
  <testcase classname="com.bookstore.tests.AuthorTests" name="testCreateUpdateDeleteAuthor" time="0.246"/>
  <testcase classname="com.bookstore.tests.AuthorTests" name="testGetAllAuthors" time="0.12"/>
  <testcase classname="com.bookstore.tests.AuthorTests" name="testGetAuthorById" time="0.213"/>
  <testcase classname="com.bookstore.tests.AuthorTests" name="testGetAuthorWithZeroId" time="0.094"/>
  <testcase classname="com.bookstore.tests.AuthorTests" name="testGetNonExistingAuthor" time="0.096"/>
  <testcase classname="com.bookstore.tests.BookTests" name="testCreateUpdateDeleteBook" time="0.201"/>
  <testcase classname="com.bookstore.tests.BookTests" name="testGetAllBooks" time="0.112"/>
  <testcase classname="com.bookstore.tests.BookTests" name="testGetNonExistingBook" time="0.099"/>
</testsuite> <!-- Surefire test -->
