<?xml version="1.0" encoding="UTF-8"?>
<testng-results ignored="0" total="9" passed="9" failed="0" skipped="0">
  <reporter-output>
  </reporter-output>
  <suite started-at="2026-02-16T22:12:46 GMT" name="Surefire suite" finished-at="2026-02-16T22:12:48 GMT" duration-ms="2468">
    <groups>
    </groups>
    <test started-at="2026-02-16T22:12:46 GMT" name="Surefire test" finished-at="2026-02-16T22:12:48 GMT" duration-ms="2468">
      <class name="com.bookstore.tests.BookTests">
        <test-method is-config="true" signature="setup()[pri:0, instance:com.bookstore.tests.BookTests@389c4eb1]" started-at="2026-02-16T22:12:48 GMT" name="setup" finished-at="2026-02-16T22:12:48 GMT" duration-ms="2" status="PASS">
          <reporter-output>
          </reporter-output>
        </test-method> <!-- setup -->
        <test-method signature="testCreateUpdateDeleteBook()[pri:0, instance:com.bookstore.tests.BookTests@389c4eb1]" started-at="2026-02-16T22:12:48 GMT" name="testCreateUpdateDeleteBook" finished-at="2026-02-16T22:12:48 GMT" duration-ms="201" status="PASS">
          <reporter-output>
          </reporter-output>
        </test-method> <!-- testCreateUpdateDeleteBook -->
        <test-method signature="testGetAllBooks()[pri:0, instance:com.bookstore.tests.BookTests@389c4eb1]" started-at="2026-02-16T22:12:48 GMT" name="testGetAllBooks" finished-at="2026-02-16T22:12:48 GMT" duration-ms="112" status="PASS">
          <reporter-output>
          </reporter-output>
        </test-method> <!-- testGetAllBooks -->
        <test-method signature="testGetNonExistingBook()[pri:0, instance:com.bookstore.tests.BookTests@389c4eb1]" started-at="2026-02-16T22:12:48 GMT" name="testGetNonExistingBook" finished-at="2026-02-16T22:12:48 GMT" duration-ms="99" status="PASS">
          <reporter-output>
          </reporter-output>
        </test-method> <!-- testGetNonExistingBook -->
      </class> <!-- com.bookstore.tests.BookTests -->
      <class name="com.bookstore.tests.AuthorTests">
        <test-method is-config="true" signature="setup()[pri:0, instance:com.bookstore.tests.AuthorTests@4b5189ac]" started-at="2026-02-16T22:12:46 GMT" name="setup" finished-at="2026-02-16T22:12:46 GMT" duration-ms="365" status="PASS">
          <reporter-output>
          </reporter-output>
        </test-method> <!-- setup -->
        <test-method signature="testCreateAuthorWithInvalidData()[pri:0, instance:com.bookstore.tests.AuthorTests@4b5189ac]" started-at="2026-02-16T22:12:46 GMT" name="testCreateAuthorWithInvalidData" description="Edge Case: Invalid author data should be handled gracefully" finished-at="2026-02-16T22:12:47 GMT" duration-ms="829" status="PASS">
          <reporter-output>
          </reporter-output>
        </test-method> <!-- testCreateAuthorWithInvalidData -->
        <test-method signature="testCreateUpdateDeleteAuthor()[pri:0, instance:com.bookstore.tests.AuthorTests@4b5189ac]" started-at="2026-02-16T22:12:47 GMT" name="testCreateUpdateDeleteAuthor" description="Happy Path: Create, retrieve, update, and delete author" finished-at="2026-02-16T22:12:47 GMT" duration-ms="246" status="PASS">
          <reporter-output>
          </reporter-output>
        </test-method> <!-- testCreateUpdateDeleteAuthor -->
        <test-method signature="testGetAllAuthors()[pri:0, instance:com.bookstore.tests.AuthorTests@4b5189ac]" started-at="2026-02-16T22:12:47 GMT" name="testGetAllAuthors" description="Happy Path: Get all authors should return 200 with non-empty list" finished-at="2026-02-16T22:12:48 GMT" duration-ms="120" status="PASS">
          <reporter-output>
          </reporter-output>
        </test-method> <!-- testGetAllAuthors -->
        <test-method signature="testGetAuthorById()[pri:0, instance:com.bookstore.tests.AuthorTests@4b5189ac]" started-at="2026-02-16T22:12:48 GMT" name="testGetAuthorById" description="Happy Path: Get author by valid ID should return 200" finished-at="2026-02-16T22:12:48 GMT" duration-ms="213" status="PASS">
          <reporter-output>
          </reporter-output>
        </test-method> <!-- testGetAuthorById -->
        <test-method signature="testGetAuthorWithZeroId()[pri:0, instance:com.bookstore.tests.AuthorTests@4b5189ac]" started-at="2026-02-16T22:12:48 GMT" name="testGetAuthorWithZeroId" description="Edge Case: Null author object should be rejected or handled" finished-at="2026-02-16T22:12:48 GMT" duration-ms="94" status="PASS">
          <reporter-output>
          </reporter-output>
        </test-method> <!-- testGetAuthorWithZeroId -->
        <test-method signature="testGetNonExistingAuthor()[pri:0, instance:com.bookstore.tests.AuthorTests@4b5189ac]" started-at="2026-02-16T22:12:48 GMT" name="testGetNonExistingAuthor" description="Edge Case: Get non-existing author should return 404 or 200" finished-at="2026-02-16T22:12:48 GMT" duration-ms="96" status="PASS">
          <reporter-output>
          </reporter-output>
        </test-method> <!-- testGetNonExistingAuthor -->
      </class> <!-- com.bookstore.tests.AuthorTests -->
    </test> <!-- Surefire test -->
  </suite> <!-- Surefire suite -->
</testng-results>
