<?xml version="1.0" encoding="UTF-8"?>
<testsuite xmlns:xsi="http://www.w3.org/2001/XMLSchema-instance" xsi:noNamespaceSchemaLocation="https://maven.apache.org/surefire/maven-surefire-plugin/xsd/surefire-test-report-3.0.xsd" version="3.0" name="TestSuite" time="2.995" tests="9" errors="0" skipped="0" failures="0">
  <properties>
[...]
</properties>
  <testcase name="testCreateAuthorWithInvalidData" classname="com.bookstore.tests.AuthorTests" time="0.798">
    <system-out><![CDATA[✓ Invalid author data handled with status: 200
]]></system-out>
    <system-err><![CDATA[SLF4J: Failed to load class "org.slf4j.impl.StaticLoggerBinder".
SLF4J: Defaulting to no-operation (NOP) logger implementation
SLF4J: See http://www.slf4j.org/codes.html#StaticLoggerBinder for further details.
]]></system-err>
  </testcase>
  <testcase name="testCreateUpdateDeleteAuthor" classname="com.bookstore.tests.AuthorTests" time="0.245">
    <system-out><![CDATA[✓ Author created with ID: 0
⚠ Get by id returned 404, skipping update/delete
]]></system-out>
  </testcase>
  <testcase name="testGetAllAuthors" classname="com.bookstore.tests.AuthorTests" time="0.12">
    <system-out><![CDATA[✓ Get all authors returned 48540 bytes
]]></system-out>
  </testcase>
  <testcase name="testGetAuthorById" classname="com.bookstore.tests.AuthorTests" time="0.213">
    <system-out><![CDATA[✓ Get author by ID returned: First Name 1 Last Name 1
]]></system-out>
  </testcase>
  <testcase name="testGetAuthorWithZeroId" classname="com.bookstore.tests.AuthorTests" time="0.095">
    <system-out><![CDATA[✓ Get author with ID 0 returned status: 404
]]></system-out>
  </testcase>
  <testcase name="testGetNonExistingAuthor" classname="com.bookstore.tests.AuthorTests" time="0.095">
    <system-out><![CDATA[✓ Get non-existing author returned status: 404
]]></system-out>
  </testcase>
  <testcase name="testCreateUpdateDeleteBook" classname="com.bookstore.tests.BookTests" time="0.202">
    <system-out><![CDATA[Get by id returned 404, skipping update/delete.
]]></system-out>
  </testcase>
  <testcase name="testGetAllBooks" classname="com.bookstore.tests.BookTests" time="0.111"/>
  <testcase name="testGetNonExistingBook" classname="com.bookstore.tests.BookTests" time="0.099"/>
</testsuite>