<?xml version="1.0" encoding="UTF-8"?>
<!-- Generated by org.testng.reporters.JUnitReportReporter -->
<testsuite hostname="Sorin" failures="0" tests="6" name="com.bookstore.tests.AuthorTests" time="1.598" errors="0" timestamp="2026-02-16T22:12:48 GMT" skipped="0">
  <testcase classname="com.bookstore.tests.AuthorTests" name="testCreateAuthorWithInvalidData" time="0.829"/>
  <testcase classname="com.bookstore.tests.AuthorTests" name="testGetAuthorWithZeroId" time="0.094"/>
  <testcase classname="com.bookstore.tests.AuthorTests" name="testGetNonExistingAuthor" time="0.096"/>
  <testcase classname="com.bookstore.tests.AuthorTests" name="testCreateUpdateDeleteAuthor" time="0.246"/>
  <testcase classname="com.bookstore.tests.AuthorTests" name="testGetAllAuthors" time="0.120"/>
  <testcase classname="com.bookstore.tests.AuthorTests" name="testGetAuthorById" time="0.213"/>
</testsuite> <!-- com.bookstore.tests.AuthorTests -->
