<?xml version="1.0" encoding="UTF-8"?>
<!-- Generated by org.testng.reporters.JUnitReportReporter -->
<testsuite hostname="Sorin" failures="0" tests="3" name="com.bookstore.tests.BookTests" time="0.412" errors="0" timestamp="2026-02-16T22:12:48 GMT" skipped="0">
  <testcase classname="com.bookstore.tests.BookTests" name="testCreateUpdateDeleteBook" time="0.201"/>
  <testcase classname="com.bookstore.tests.BookTests" name="testGetNonExistingBook" time="0.099"/>
  <testcase classname="com.bookstore.tests.BookTests" name="testGetAllBooks" time="0.112"/>
</testsuite> <!-- com.bookstore.tests.BookTests -->
